 Parameters of the Computation:
  
&RUN_PARAMETERS
 CA_TYPE="collision      ",
 CA_SPEC=1102       ,
 CA_SYM="para           ",
 CA_NMD=5          ,
 CA_NEST=1          ,
 R0=  17.000000000000000     ,
 EN_START=  1.8370000000000001E-002,
 EN_FINAL=  1.8370000000000001E-002,
 EN_STEP=  9.1799999999999995E-005,
 JMIN=0          ,
 JMAX=0          ,
 /
&PRIMITIVE_BASIS
 PBASST(1)%PB_NME="R    ",
 PBASST(1)%PB_TYP="bspl_fbr  ",
 PBASST(1)%PB_NBR=100        ,
 PBASST(1)%PB_PA1=6          ,
 PBASST(1)%PB_MIN=  1.0000000000000000     ,
 PBASST(1)%PB_MAX=  25.000000000000000     ,
 PBASST(1)%PB_PA2=  0.0000000000000000     ,
 PBASST(2)%PB_NME="th1  ",
 PBASST(2)%PB_TYP="asleg_fbr ",
 PBASST(2)%PB_NBR=6          ,
 PBASST(2)%PB_PA1=2          ,
 PBASST(2)%PB_MIN=  0.0000000000000000     ,
 PBASST(2)%PB_MAX=  3.1415000000000002     ,
 PBASST(2)%PB_PA2=  0.0000000000000000     ,
 PBASST(3)%PB_NME="th2  ",
 PBASST(3)%PB_TYP="asleg_fbr ",
 PBASST(3)%PB_NBR=6          ,
 PBASST(3)%PB_PA1=2          ,
 PBASST(3)%PB_MIN=  0.0000000000000000     ,
 PBASST(3)%PB_MAX=  3.1415000000000002     ,
 PBASST(3)%PB_PA2=  0.0000000000000000     ,
 PBASST(4)%PB_NME="phi1 ",
 PBASST(4)%PB_TYP="exp       ",
 PBASST(4)%PB_NBR=3          ,
 PBASST(4)%PB_PA1=1          ,
 PBASST(4)%PB_MIN=  0.0000000000000000     ,
 PBASST(4)%PB_MAX=  6.2831849999999996     ,
 PBASST(4)%PB_PA2=  0.0000000000000000     ,
 PBASST(5)%PB_NME="phi2 ",
 PBASST(5)%PB_TYP="exp       ",
 PBASST(5)%PB_NBR=3          ,
 PBASST(5)%PB_PA1=1          ,
 PBASST(5)%PB_MIN=  0.0000000000000000     ,
 PBASST(5)%PB_MAX=  6.2831849999999996     ,
 PBASST(5)%PB_PA2=  0.0000000000000000     ,
 /
&SYSTEM_PARAMETERS
 MU_R=  1837.1695000000000     ,
 AROT=  0.0000000000000000     ,
 BROT=  2.7726667090000002E-004,
 CROT=  0.0000000000000000     ,
 /
  Rigid rotor Diatom-Diatom closed-shell system 
 ----------------------------------------------
 RMS test for Potential_Interface expansion
 lambda1_max_default =            3
 lambda2_max_default =            3
 m_max_default       =            3
 nR                  =           10
 ntheta              =           10
 nphi                =           10
 npoints             =        10000
 sum_squared_error   =    462.96335780305503     
 rms_error           =   0.21516583320849411     
 max_abs_error       =    9.4483688243990880     
 max_error           =   -9.4483688243990880     
 max_error point:
 R      =    1.0300000000000000     
 theta1 =   0.69813170079773179     
 theta2 =    2.4434609527920612     
 phi    =    0.0000000000000000     
 V_expansion =    2.2695014850984427     
 V_potential =    11.717870309497531     
 ----------------------------------------------
     1     0     0     0
     2     0     2     0
     3     2     0     0
     4     2     2     0
     5     2     2     1
     6     2     2     2
 knots_x
  1.00,  1.00,  1.00,  1.00,  1.00,  1.00,  1.25,  1.50,  1.75,  2.00,  2.25,  2.50,  2.75,  3.00,  3.25,  3.50,  3.75,  4.01,  4.26,  4.51,  4.76,  5.01,  5.26,  5.51,  5.76,  6.01,  6.26,  6.52,  6.77,  7.02,  7.27,  7.52,  7.77,  8.02,  8.28,  8.53,  8.78,  9.03,  9.28,  9.53,  9.79, 10.04, 10.29, 10.54, 10.80, 11.05, 11.30, 11.55, 11.80, 12.06, 12.31, 12.56, 12.81, 13.07, 13.32, 13.57, 13.83, 14.08, 14.33, 14.58, 14.84, 15.09, 15.34, 15.60, 15.85, 16.10, 16.36, 16.61, 16.86, 17.12, 17.37, 17.62, 17.88, 18.13, 18.38, 18.64, 18.89, 19.15, 19.40, 19.65, 19.91, 20.16, 20.42, 20.67, 20.92, 21.18, 21.43, 21.69, 21.94, 22.20, 22.45, 22.71, 22.96, 23.22, 23.47, 23.72, 23.98, 24.23, 24.49, 24.74, 25.00, 25.00, 25.00, 25.00, 25.00, 25.00
 channel index: j1 k1 j2 k2
    1     0     0     0     0
    2     0     0     2    -2
    3     0     0     2    -1
    4     0     0     2     0
    5     0     0     2     1
    6     0     0     2     2
    7     0     0     4    -2
    8     0     0     4    -1
    9     0     0     4     0
   10     0     0     4     1
   11     0     0     4     2
   12     0     0     6    -2
   13     0     0     6    -1
   14     0     0     6     0
   15     0     0     6     1
   16     0     0     6     2
   17     2    -2     0     0
   18     2    -2     2    -2
   19     2    -2     2    -1
   20     2    -2     2     0
   21     2    -2     2     1
   22     2    -2     2     2
   23     2    -2     4    -2
   24     2    -2     4    -1
   25     2    -2     4     0
   26     2    -2     4     1
   27     2    -2     4     2
   28     2    -2     6    -2
   29     2    -2     6    -1
   30     2    -2     6     0
   31     2    -2     6     1
   32     2    -2     6     2
   33     2    -1     0     0
   34     2    -1     2    -2
   35     2    -1     2    -1
   36     2    -1     2     0
   37     2    -1     2     1
   38     2    -1     2     2
   39     2    -1     4    -2
   40     2    -1     4    -1
   41     2    -1     4     0
   42     2    -1     4     1
   43     2    -1     4     2
   44     2    -1     6    -2
   45     2    -1     6    -1
   46     2    -1     6     0
   47     2    -1     6     1
   48     2    -1     6     2
   49     2     0     0     0
   50     2     0     2    -2
   51     2     0     2    -1
   52     2     0     2     0
   53     2     0     2     1
   54     2     0     2     2
   55     2     0     4    -2
   56     2     0     4    -1
   57     2     0     4     0
   58     2     0     4     1
   59     2     0     4     2
   60     2     0     6    -2
   61     2     0     6    -1
   62     2     0     6     0
   63     2     0     6     1
   64     2     0     6     2
   65     2     1     0     0
   66     2     1     2    -2
   67     2     1     2    -1
   68     2     1     2     0
   69     2     1     2     1
   70     2     1     2     2
   71     2     1     4    -2
   72     2     1     4    -1
   73     2     1     4     0
   74     2     1     4     1
   75     2     1     4     2
   76     2     1     6    -2
   77     2     1     6    -1
   78     2     1     6     0
   79     2     1     6     1
   80     2     1     6     2
   81     2     2     0     0
   82     2     2     2    -2
   83     2     2     2    -1
   84     2     2     2     0
   85     2     2     2     1
   86     2     2     2     2
   87     2     2     4    -2
   88     2     2     4    -1
   89     2     2     4     0
   90     2     2     4     1
   91     2     2     4     2
   92     2     2     6    -2
   93     2     2     6    -1
   94     2     2     6     0
   95     2     2     6     1
   96     2     2     6     2
   97     4    -2     0     0
   98     4    -2     2    -2
   99     4    -2     2    -1
  100     4    -2     2     0
  101     4    -2     2     1
  102     4    -2     2     2
  103     4    -2     4    -2
  104     4    -2     4    -1
  105     4    -2     4     0
  106     4    -2     4     1
  107     4    -2     4     2
  108     4    -2     6    -2
  109     4    -2     6    -1
  110     4    -2     6     0
  111     4    -2     6     1
  112     4    -2     6     2
  113     4    -1     0     0
  114     4    -1     2    -2
  115     4    -1     2    -1
  116     4    -1     2     0
  117     4    -1     2     1
  118     4    -1     2     2
  119     4    -1     4    -2
  120     4    -1     4    -1
  121     4    -1     4     0
  122     4    -1     4     1
  123     4    -1     4     2
  124     4    -1     6    -2
  125     4    -1     6    -1
  126     4    -1     6     0
  127     4    -1     6     1
  128     4    -1     6     2
  129     4     0     0     0
  130     4     0     2    -2
  131     4     0     2    -1
  132     4     0     2     0
  133     4     0     2     1
  134     4     0     2     2
  135     4     0     4    -2
  136     4     0     4    -1
  137     4     0     4     0
  138     4     0     4     1
  139     4     0     4     2
  140     4     0     6    -2
  141     4     0     6    -1
  142     4     0     6     0
  143     4     0     6     1
  144     4     0     6     2
  145     4     1     0     0
  146     4     1     2    -2
  147     4     1     2    -1
  148     4     1     2     0
  149     4     1     2     1
  150     4     1     2     2
  151     4     1     4    -2
  152     4     1     4    -1
  153     4     1     4     0
  154     4     1     4     1
  155     4     1     4     2
  156     4     1     6    -2
  157     4     1     6    -1
  158     4     1     6     0
  159     4     1     6     1
  160     4     1     6     2
  161     4     2     0     0
  162     4     2     2    -2
  163     4     2     2    -1
  164     4     2     2     0
  165     4     2     2     1
  166     4     2     2     2
  167     4     2     4    -2
  168     4     2     4    -1
  169     4     2     4     0
  170     4     2     4     1
  171     4     2     4     2
  172     4     2     6    -2
  173     4     2     6    -1
  174     4     2     6     0
  175     4     2     6     1
  176     4     2     6     2
  177     6    -2     0     0
  178     6    -2     2    -2
  179     6    -2     2    -1
  180     6    -2     2     0
  181     6    -2     2     1
  182     6    -2     2     2
  183     6    -2     4    -2
  184     6    -2     4    -1
  185     6    -2     4     0
  186     6    -2     4     1
  187     6    -2     4     2
  188     6    -2     6    -2
  189     6    -2     6    -1
  190     6    -2     6     0
  191     6    -2     6     1
  192     6    -2     6     2
  193     6    -1     0     0
  194     6    -1     2    -2
  195     6    -1     2    -1
  196     6    -1     2     0
  197     6    -1     2     1
  198     6    -1     2     2
  199     6    -1     4    -2
  200     6    -1     4    -1
  201     6    -1     4     0
  202     6    -1     4     1
  203     6    -1     4     2
  204     6    -1     6    -2
  205     6    -1     6    -1
  206     6    -1     6     0
  207     6    -1     6     1
  208     6    -1     6     2
  209     6     0     0     0
  210     6     0     2    -2
  211     6     0     2    -1
  212     6     0     2     0
  213     6     0     2     1
  214     6     0     2     2
  215     6     0     4    -2
  216     6     0     4    -1
  217     6     0     4     0
  218     6     0     4     1
  219     6     0     4     2
  220     6     0     6    -2
  221     6     0     6    -1
  222     6     0     6     0
  223     6     0     6     1
  224     6     0     6     2
  225     6     1     0     0
  226     6     1     2    -2
  227     6     1     2    -1
  228     6     1     2     0
  229     6     1     2     1
  230     6     1     2     2
  231     6     1     4    -2
  232     6     1     4    -1
  233     6     1     4     0
  234     6     1     4     1
  235     6     1     4     2
  236     6     1     6    -2
  237     6     1     6    -1
  238     6     1     6     0
  239     6     1     6     1
  240     6     1     6     2
  241     6     2     0     0
  242     6     2     2    -2
  243     6     2     2    -1
  244     6     2     2     0
  245     6     2     2     1
  246     6     2     2     2
  247     6     2     4    -2
  248     6     2     4    -1
  249     6     2     4     0
  250     6     2     4     1
  251     6     2     4     2
  252     6     2     6    -2
  253     6     2     6    -1
  254     6     2     6     0
  255     6     2     6     1
  256     6     2     6     2
  
 ngqp_x:          12
 ncf         256
 ENERGY:    1.8370000000000001E-002
 alpha:   0.50000000000000000     
 R0:    17.000000000000000     
 rhomin:    1.0000000000000000     
 rhomax   25.000000000000000     
 mu_R:    1837.1695000000000     
 Brot   2.7726667090000002E-004
 Jtot           0
 quant_mat
   
 Number of open channels:          231
   
 Open channel map: open index -> quant_mat index -> j1 k1 j2 k2
           1           1           0           0           0           0  kvec=   8.2156927541139222     
           2           2           0           0           2          -2  kvec=   7.8348565383337938     
           3           3           0           0           2          -1  kvec=   7.8348565383337938     
           4           4           0           0           2           0  kvec=   7.8348565383337938     
           5           5           0           0           2           1  kvec=   7.8348565383337938     
           6           6           0           0           2           2  kvec=   7.8348565383337938     
           7           7           0           0           4          -2  kvec=   6.8645591689663004     
           8           8           0           0           4          -1  kvec=   6.8645591689663004     
           9           9           0           0           4           0  kvec=   6.8645591689663004     
          10          10           0           0           4           1  kvec=   6.8645591689663004     
          11          11           0           0           4           2  kvec=   6.8645591689663004     
          12          12           0           0           6          -2  kvec=   4.9708343619459416     
          13          13           0           0           6          -1  kvec=   4.9708343619459416     
          14          14           0           0           6           0  kvec=   4.9708343619459416     
          15          15           0           0           6           1  kvec=   4.9708343619459416     
          16          16           0           0           6           2  kvec=   4.9708343619459416     
          17          17           2          -2           0           0  kvec=   7.8348565383337938     
          18          18           2          -2           2          -2  kvec=   7.4345374114697664     
          19          19           2          -2           2          -1  kvec=   7.4345374114697664     
          20          20           2          -2           2           0  kvec=   7.4345374114697664     
          21          21           2          -2           2           1  kvec=   7.4345374114697664     
          22          22           2          -2           2           2  kvec=   7.4345374114697664     
          23          23           2          -2           4          -2  kvec=   6.4038693092934906     
          24          24           2          -2           4          -1  kvec=   6.4038693092934906     
          25          25           2          -2           4           0  kvec=   6.4038693092934906     
          26          26           2          -2           4           1  kvec=   6.4038693092934906     
          27          27           2          -2           4           2  kvec=   6.4038693092934906     
          28          28           2          -2           6          -2  kvec=   4.3123733372905360     
          29          29           2          -2           6          -1  kvec=   4.3123733372905360     
          30          30           2          -2           6           0  kvec=   4.3123733372905360     
          31          31           2          -2           6           1  kvec=   4.3123733372905360     
          32          32           2          -2           6           2  kvec=   4.3123733372905360     
          33          33           2          -1           0           0  kvec=   7.8348565383337938     
          34          34           2          -1           2          -2  kvec=   7.4345374114697664     
          35          35           2          -1           2          -1  kvec=   7.4345374114697664     
          36          36           2          -1           2           0  kvec=   7.4345374114697664     
          37          37           2          -1           2           1  kvec=   7.4345374114697664     
          38          38           2          -1           2           2  kvec=   7.4345374114697664     
          39          39           2          -1           4          -2  kvec=   6.4038693092934906     
          40          40           2          -1           4          -1  kvec=   6.4038693092934906     
          41          41           2          -1           4           0  kvec=   6.4038693092934906     
          42          42           2          -1           4           1  kvec=   6.4038693092934906     
          43          43           2          -1           4           2  kvec=   6.4038693092934906     
          44          44           2          -1           6          -2  kvec=   4.3123733372905360     
          45          45           2          -1           6          -1  kvec=   4.3123733372905360     
          46          46           2          -1           6           0  kvec=   4.3123733372905360     
          47          47           2          -1           6           1  kvec=   4.3123733372905360     
          48          48           2          -1           6           2  kvec=   4.3123733372905360     
          49          49           2           0           0           0  kvec=   7.8348565383337938     
          50          50           2           0           2          -2  kvec=   7.4345374114697664     
          51          51           2           0           2          -1  kvec=   7.4345374114697664     
          52          52           2           0           2           0  kvec=   7.4345374114697664     
          53          53           2           0           2           1  kvec=   7.4345374114697664     
          54          54           2           0           2           2  kvec=   7.4345374114697664     
          55          55           2           0           4          -2  kvec=   6.4038693092934906     
          56          56           2           0           4          -1  kvec=   6.4038693092934906     
          57          57           2           0           4           0  kvec=   6.4038693092934906     
          58          58           2           0           4           1  kvec=   6.4038693092934906     
          59          59           2           0           4           2  kvec=   6.4038693092934906     
          60          60           2           0           6          -2  kvec=   4.3123733372905360     
          61          61           2           0           6          -1  kvec=   4.3123733372905360     
          62          62           2           0           6           0  kvec=   4.3123733372905360     
          63          63           2           0           6           1  kvec=   4.3123733372905360     
          64          64           2           0           6           2  kvec=   4.3123733372905360     
          65          65           2           1           0           0  kvec=   7.8348565383337938     
          66          66           2           1           2          -2  kvec=   7.4345374114697664     
          67          67           2           1           2          -1  kvec=   7.4345374114697664     
          68          68           2           1           2           0  kvec=   7.4345374114697664     
          69          69           2           1           2           1  kvec=   7.4345374114697664     
          70          70           2           1           2           2  kvec=   7.4345374114697664     
          71          71           2           1           4          -2  kvec=   6.4038693092934906     
          72          72           2           1           4          -1  kvec=   6.4038693092934906     
          73          73           2           1           4           0  kvec=   6.4038693092934906     
          74          74           2           1           4           1  kvec=   6.4038693092934906     
          75          75           2           1           4           2  kvec=   6.4038693092934906     
          76          76           2           1           6          -2  kvec=   4.3123733372905360     
          77          77           2           1           6          -1  kvec=   4.3123733372905360     
          78          78           2           1           6           0  kvec=   4.3123733372905360     
          79          79           2           1           6           1  kvec=   4.3123733372905360     
          80          80           2           1           6           2  kvec=   4.3123733372905360     
          81          81           2           2           0           0  kvec=   7.8348565383337938     
          82          82           2           2           2          -2  kvec=   7.4345374114697664     
          83          83           2           2           2          -1  kvec=   7.4345374114697664     
          84          84           2           2           2           0  kvec=   7.4345374114697664     
          85          85           2           2           2           1  kvec=   7.4345374114697664     
          86          86           2           2           2           2  kvec=   7.4345374114697664     
          87          87           2           2           4          -2  kvec=   6.4038693092934906     
          88          88           2           2           4          -1  kvec=   6.4038693092934906     
          89          89           2           2           4           0  kvec=   6.4038693092934906     
          90          90           2           2           4           1  kvec=   6.4038693092934906     
          91          91           2           2           4           2  kvec=   6.4038693092934906     
          92          92           2           2           6          -2  kvec=   4.3123733372905360     
          93          93           2           2           6          -1  kvec=   4.3123733372905360     
          94          94           2           2           6           0  kvec=   4.3123733372905360     
          95          95           2           2           6           1  kvec=   4.3123733372905360     
          96          96           2           2           6           2  kvec=   4.3123733372905360     
          97          97           4          -2           0           0  kvec=   6.8645591689663004     
          98          98           4          -2           2          -2  kvec=   6.4038693092934906     
          99          99           4          -2           2          -1  kvec=   6.4038693092934906     
         100         100           4          -2           2           0  kvec=   6.4038693092934906     
         101         101           4          -2           2           1  kvec=   6.4038693092934906     
         102         102           4          -2           2           2  kvec=   6.4038693092934906     
         103         103           4          -2           4          -2  kvec=   5.1717248320534797     
         104         104           4          -2           4          -1  kvec=   5.1717248320534797     
         105         105           4          -2           4           0  kvec=   5.1717248320534797     
         106         106           4          -2           4           1  kvec=   5.1717248320534797     
         107         107           4          -2           4           2  kvec=   5.1717248320534797     
         108         108           4          -2           6          -2  kvec=   2.0817683368093158     
         109         109           4          -2           6          -1  kvec=   2.0817683368093158     
         110         110           4          -2           6           0  kvec=   2.0817683368093158     
         111         111           4          -2           6           1  kvec=   2.0817683368093158     
         112         112           4          -2           6           2  kvec=   2.0817683368093158     
         113         113           4          -1           0           0  kvec=   6.8645591689663004     
         114         114           4          -1           2          -2  kvec=   6.4038693092934906     
         115         115           4          -1           2          -1  kvec=   6.4038693092934906     
         116         116           4          -1           2           0  kvec=   6.4038693092934906     
         117         117           4          -1           2           1  kvec=   6.4038693092934906     
         118         118           4          -1           2           2  kvec=   6.4038693092934906     
         119         119           4          -1           4          -2  kvec=   5.1717248320534797     
         120         120           4          -1           4          -1  kvec=   5.1717248320534797     
         121         121           4          -1           4           0  kvec=   5.1717248320534797     
         122         122           4          -1           4           1  kvec=   5.1717248320534797     
         123         123           4          -1           4           2  kvec=   5.1717248320534797     
         124         124           4          -1           6          -2  kvec=   2.0817683368093158     
         125         125           4          -1           6          -1  kvec=   2.0817683368093158     
         126         126           4          -1           6           0  kvec=   2.0817683368093158     
         127         127           4          -1           6           1  kvec=   2.0817683368093158     
         128         128           4          -1           6           2  kvec=   2.0817683368093158     
         129         129           4           0           0           0  kvec=   6.8645591689663004     
         130         130           4           0           2          -2  kvec=   6.4038693092934906     
         131         131           4           0           2          -1  kvec=   6.4038693092934906     
         132         132           4           0           2           0  kvec=   6.4038693092934906     
         133         133           4           0           2           1  kvec=   6.4038693092934906     
         134         134           4           0           2           2  kvec=   6.4038693092934906     
         135         135           4           0           4          -2  kvec=   5.1717248320534797     
         136         136           4           0           4          -1  kvec=   5.1717248320534797     
         137         137           4           0           4           0  kvec=   5.1717248320534797     
         138         138           4           0           4           1  kvec=   5.1717248320534797     
         139         139           4           0           4           2  kvec=   5.1717248320534797     
         140         140           4           0           6          -2  kvec=   2.0817683368093158     
         141         141           4           0           6          -1  kvec=   2.0817683368093158     
         142         142           4           0           6           0  kvec=   2.0817683368093158     
         143         143           4           0           6           1  kvec=   2.0817683368093158     
         144         144           4           0           6           2  kvec=   2.0817683368093158     
         145         145           4           1           0           0  kvec=   6.8645591689663004     
         146         146           4           1           2          -2  kvec=   6.4038693092934906     
         147         147           4           1           2          -1  kvec=   6.4038693092934906     
         148         148           4           1           2           0  kvec=   6.4038693092934906     
         149         149           4           1           2           1  kvec=   6.4038693092934906     
         150         150           4           1           2           2  kvec=   6.4038693092934906     
         151         151           4           1           4          -2  kvec=   5.1717248320534797     
         152         152           4           1           4          -1  kvec=   5.1717248320534797     
         153         153           4           1           4           0  kvec=   5.1717248320534797     
         154         154           4           1           4           1  kvec=   5.1717248320534797     
         155         155           4           1           4           2  kvec=   5.1717248320534797     
         156         156           4           1           6          -2  kvec=   2.0817683368093158     
         157         157           4           1           6          -1  kvec=   2.0817683368093158     
         158         158           4           1           6           0  kvec=   2.0817683368093158     
         159         159           4           1           6           1  kvec=   2.0817683368093158     
         160         160           4           1           6           2  kvec=   2.0817683368093158     
         161         161           4           2           0           0  kvec=   6.8645591689663004     
         162         162           4           2           2          -2  kvec=   6.4038693092934906     
         163         163           4           2           2          -1  kvec=   6.4038693092934906     
         164         164           4           2           2           0  kvec=   6.4038693092934906     
         165         165           4           2           2           1  kvec=   6.4038693092934906     
         166         166           4           2           2           2  kvec=   6.4038693092934906     
         167         167           4           2           4          -2  kvec=   5.1717248320534797     
         168         168           4           2           4          -1  kvec=   5.1717248320534797     
         169         169           4           2           4           0  kvec=   5.1717248320534797     
         170         170           4           2           4           1  kvec=   5.1717248320534797     
         171         171           4           2           4           2  kvec=   5.1717248320534797     
         172         172           4           2           6          -2  kvec=   2.0817683368093158     
         173         173           4           2           6          -1  kvec=   2.0817683368093158     
         174         174           4           2           6           0  kvec=   2.0817683368093158     
         175         175           4           2           6           1  kvec=   2.0817683368093158     
         176         176           4           2           6           2  kvec=   2.0817683368093158     
         177         177           6          -2           0           0  kvec=   4.9708343619459416     
         178         178           6          -2           2          -2  kvec=   4.3123733372905360     
         179         179           6          -2           2          -1  kvec=   4.3123733372905360     
         180         180           6          -2           2           0  kvec=   4.3123733372905360     
         181         181           6          -2           2           1  kvec=   4.3123733372905360     
         182         182           6          -2           2           2  kvec=   4.3123733372905360     
         183         183           6          -2           4          -2  kvec=   2.0817683368093158     
         184         184           6          -2           4          -1  kvec=   2.0817683368093158     
         185         185           6          -2           4           0  kvec=   2.0817683368093158     
         186         186           6          -2           4           1  kvec=   2.0817683368093158     
         187         187           6          -2           4           2  kvec=   2.0817683368093158     
         188         193           6          -1           0           0  kvec=   4.9708343619459416     
         189         194           6          -1           2          -2  kvec=   4.3123733372905360     
         190         195           6          -1           2          -1  kvec=   4.3123733372905360     
         191         196           6          -1           2           0  kvec=   4.3123733372905360     
         192         197           6          -1           2           1  kvec=   4.3123733372905360     
         193         198           6          -1           2           2  kvec=   4.3123733372905360     
         194         199           6          -1           4          -2  kvec=   2.0817683368093158     
         195         200           6          -1           4          -1  kvec=   2.0817683368093158     
         196         201           6          -1           4           0  kvec=   2.0817683368093158     
         197         202           6          -1           4           1  kvec=   2.0817683368093158     
         198         203           6          -1           4           2  kvec=   2.0817683368093158     
         199         209           6           0           0           0  kvec=   4.9708343619459416     
         200         210           6           0           2          -2  kvec=   4.3123733372905360     
         201         211           6           0           2          -1  kvec=   4.3123733372905360     
         202         212           6           0           2           0  kvec=   4.3123733372905360     
         203         213           6           0           2           1  kvec=   4.3123733372905360     
         204         214           6           0           2           2  kvec=   4.3123733372905360     
         205         215           6           0           4          -2  kvec=   2.0817683368093158     
         206         216           6           0           4          -1  kvec=   2.0817683368093158     
         207         217           6           0           4           0  kvec=   2.0817683368093158     
         208         218           6           0           4           1  kvec=   2.0817683368093158     
         209         219           6           0           4           2  kvec=   2.0817683368093158     
         210         225           6           1           0           0  kvec=   4.9708343619459416     
         211         226           6           1           2          -2  kvec=   4.3123733372905360     
         212         227           6           1           2          -1  kvec=   4.3123733372905360     
         213         228           6           1           2           0  kvec=   4.3123733372905360     
         214         229           6           1           2           1  kvec=   4.3123733372905360     
         215         230           6           1           2           2  kvec=   4.3123733372905360     
         216         231           6           1           4          -2  kvec=   2.0817683368093158     
         217         232           6           1           4          -1  kvec=   2.0817683368093158     
         218         233           6           1           4           0  kvec=   2.0817683368093158     
         219         234           6           1           4           1  kvec=   2.0817683368093158     
         220         235           6           1           4           2  kvec=   2.0817683368093158     
         221         241           6           2           0           0  kvec=   4.9708343619459416     
         222         242           6           2           2          -2  kvec=   4.3123733372905360     
         223         243           6           2           2          -1  kvec=   4.3123733372905360     
         224         244           6           2           2           0  kvec=   4.3123733372905360     
         225         245           6           2           2           1  kvec=   4.3123733372905360     
         226         246           6           2           2           2  kvec=   4.3123733372905360     
         227         247           6           2           4          -2  kvec=   2.0817683368093158     
         228         248           6           2           4          -1  kvec=   2.0817683368093158     
         229         249           6           2           4           0  kvec=   2.0817683368093158     
         230         250           6           2           4           1  kvec=   2.0817683368093158     
         231         251           6           2           4           2  kvec=   2.0817683368093158     
  
 Running B-spline optimized program
  
  
time in basic_auxiliary_matrix calculations:   3.791sec
  
 A_cache loaded from file: A_cache.dat
 potential_id = BMKP_hartree_v1                                                                                                                 
 open channel            1  j1 k1 j2 k2 =            0           0           0           0  kvec =    8.2156927541139222     
 open channel            2  j1 k1 j2 k2 =            0           0           2          -2  kvec =    7.8348565383337938     
 open channel            3  j1 k1 j2 k2 =            0           0           2          -1  kvec =    7.8348565383337938     
 open channel            4  j1 k1 j2 k2 =            0           0           2           0  kvec =    7.8348565383337938     
 open channel            5  j1 k1 j2 k2 =            0           0           2           1  kvec =    7.8348565383337938     
 open channel            6  j1 k1 j2 k2 =            0           0           2           2  kvec =    7.8348565383337938     
 open channel            7  j1 k1 j2 k2 =            0           0           4          -2  kvec =    6.8645591689663004     
 open channel            8  j1 k1 j2 k2 =            0           0           4          -1  kvec =    6.8645591689663004     
 open channel            9  j1 k1 j2 k2 =            0           0           4           0  kvec =    6.8645591689663004     
 open channel           10  j1 k1 j2 k2 =            0           0           4           1  kvec =    6.8645591689663004     
 open channel           11  j1 k1 j2 k2 =            0           0           4           2  kvec =    6.8645591689663004     
 open channel           12  j1 k1 j2 k2 =            0           0           6          -2  kvec =    4.9708343619459416     
 open channel           13  j1 k1 j2 k2 =            0           0           6          -1  kvec =    4.9708343619459416     
 open channel           14  j1 k1 j2 k2 =            0           0           6           0  kvec =    4.9708343619459416     
 open channel           15  j1 k1 j2 k2 =            0           0           6           1  kvec =    4.9708343619459416     
 open channel           16  j1 k1 j2 k2 =            0           0           6           2  kvec =    4.9708343619459416     
 open channel           17  j1 k1 j2 k2 =            2          -2           0           0  kvec =    7.8348565383337938     
 open channel           18  j1 k1 j2 k2 =            2          -2           2          -2  kvec =    7.4345374114697664     
 open channel           19  j1 k1 j2 k2 =            2          -2           2          -1  kvec =    7.4345374114697664     
 open channel           20  j1 k1 j2 k2 =            2          -2           2           0  kvec =    7.4345374114697664     
 open channel           21  j1 k1 j2 k2 =            2          -2           2           1  kvec =    7.4345374114697664     
 open channel           22  j1 k1 j2 k2 =            2          -2           2           2  kvec =    7.4345374114697664     
 open channel           23  j1 k1 j2 k2 =            2          -2           4          -2  kvec =    6.4038693092934906     
 open channel           24  j1 k1 j2 k2 =            2          -2           4          -1  kvec =    6.4038693092934906     
 open channel           25  j1 k1 j2 k2 =            2          -2           4           0  kvec =    6.4038693092934906     
 open channel           26  j1 k1 j2 k2 =            2          -2           4           1  kvec =    6.4038693092934906     
 open channel           27  j1 k1 j2 k2 =            2          -2           4           2  kvec =    6.4038693092934906     
 open channel           28  j1 k1 j2 k2 =            2          -2           6          -2  kvec =    4.3123733372905360     
 open channel           29  j1 k1 j2 k2 =            2          -2           6          -1  kvec =    4.3123733372905360     
 open channel           30  j1 k1 j2 k2 =            2          -2           6           0  kvec =    4.3123733372905360     
 open channel           31  j1 k1 j2 k2 =            2          -2           6           1  kvec =    4.3123733372905360     
 open channel           32  j1 k1 j2 k2 =            2          -2           6           2  kvec =    4.3123733372905360     
 open channel           33  j1 k1 j2 k2 =            2          -1           0           0  kvec =    7.8348565383337938     
 open channel           34  j1 k1 j2 k2 =            2          -1           2          -2  kvec =    7.4345374114697664     
 open channel           35  j1 k1 j2 k2 =            2          -1           2          -1  kvec =    7.4345374114697664     
 open channel           36  j1 k1 j2 k2 =            2          -1           2           0  kvec =    7.4345374114697664     
 open channel           37  j1 k1 j2 k2 =            2          -1           2           1  kvec =    7.4345374114697664     
 open channel           38  j1 k1 j2 k2 =            2          -1           2           2  kvec =    7.4345374114697664     
 open channel           39  j1 k1 j2 k2 =            2          -1           4          -2  kvec =    6.4038693092934906     
 open channel           40  j1 k1 j2 k2 =            2          -1           4          -1  kvec =    6.4038693092934906     
 open channel           41  j1 k1 j2 k2 =            2          -1           4           0  kvec =    6.4038693092934906     
 open channel           42  j1 k1 j2 k2 =            2          -1           4           1  kvec =    6.4038693092934906     
 open channel           43  j1 k1 j2 k2 =            2          -1           4           2  kvec =    6.4038693092934906     
 open channel           44  j1 k1 j2 k2 =            2          -1           6          -2  kvec =    4.3123733372905360     
 open channel           45  j1 k1 j2 k2 =            2          -1           6          -1  kvec =    4.3123733372905360     
 open channel           46  j1 k1 j2 k2 =            2          -1           6           0  kvec =    4.3123733372905360     
 open channel           47  j1 k1 j2 k2 =            2          -1           6           1  kvec =    4.3123733372905360     
 open channel           48  j1 k1 j2 k2 =            2          -1           6           2  kvec =    4.3123733372905360     
 open channel           49  j1 k1 j2 k2 =            2           0           0           0  kvec =    7.8348565383337938     
 open channel           50  j1 k1 j2 k2 =            2           0           2          -2  kvec =    7.4345374114697664     
 open channel           51  j1 k1 j2 k2 =            2           0           2          -1  kvec =    7.4345374114697664     
 open channel           52  j1 k1 j2 k2 =            2           0           2           0  kvec =    7.4345374114697664     
 open channel           53  j1 k1 j2 k2 =            2           0           2           1  kvec =    7.4345374114697664     
 open channel           54  j1 k1 j2 k2 =            2           0           2           2  kvec =    7.4345374114697664     
 open channel           55  j1 k1 j2 k2 =            2           0           4          -2  kvec =    6.4038693092934906     
 open channel           56  j1 k1 j2 k2 =            2           0           4          -1  kvec =    6.4038693092934906     
 open channel           57  j1 k1 j2 k2 =            2           0           4           0  kvec =    6.4038693092934906     
 open channel           58  j1 k1 j2 k2 =            2           0           4           1  kvec =    6.4038693092934906     
 open channel           59  j1 k1 j2 k2 =            2           0           4           2  kvec =    6.4038693092934906     
 open channel           60  j1 k1 j2 k2 =            2           0           6          -2  kvec =    4.3123733372905360     
 open channel           61  j1 k1 j2 k2 =            2           0           6          -1  kvec =    4.3123733372905360     
 open channel           62  j1 k1 j2 k2 =            2           0           6           0  kvec =    4.3123733372905360     
 open channel           63  j1 k1 j2 k2 =            2           0           6           1  kvec =    4.3123733372905360     
 open channel           64  j1 k1 j2 k2 =            2           0           6           2  kvec =    4.3123733372905360     
 open channel           65  j1 k1 j2 k2 =            2           1           0           0  kvec =    7.8348565383337938     
 open channel           66  j1 k1 j2 k2 =            2           1           2          -2  kvec =    7.4345374114697664     
 open channel           67  j1 k1 j2 k2 =            2           1           2          -1  kvec =    7.4345374114697664     
 open channel           68  j1 k1 j2 k2 =            2           1           2           0  kvec =    7.4345374114697664     
 open channel           69  j1 k1 j2 k2 =            2           1           2           1  kvec =    7.4345374114697664     
 open channel           70  j1 k1 j2 k2 =            2           1           2           2  kvec =    7.4345374114697664     
 open channel           71  j1 k1 j2 k2 =            2           1           4          -2  kvec =    6.4038693092934906     
 open channel           72  j1 k1 j2 k2 =            2           1           4          -1  kvec =    6.4038693092934906     
 open channel           73  j1 k1 j2 k2 =            2           1           4           0  kvec =    6.4038693092934906     
 open channel           74  j1 k1 j2 k2 =            2           1           4           1  kvec =    6.4038693092934906     
 open channel           75  j1 k1 j2 k2 =            2           1           4           2  kvec =    6.4038693092934906     
 open channel           76  j1 k1 j2 k2 =            2           1           6          -2  kvec =    4.3123733372905360     
 open channel           77  j1 k1 j2 k2 =            2           1           6          -1  kvec =    4.3123733372905360     
 open channel           78  j1 k1 j2 k2 =            2           1           6           0  kvec =    4.3123733372905360     
 open channel           79  j1 k1 j2 k2 =            2           1           6           1  kvec =    4.3123733372905360     
 open channel           80  j1 k1 j2 k2 =            2           1           6           2  kvec =    4.3123733372905360     
 open channel           81  j1 k1 j2 k2 =            2           2           0           0  kvec =    7.8348565383337938     
 open channel           82  j1 k1 j2 k2 =            2           2           2          -2  kvec =    7.4345374114697664     
 open channel           83  j1 k1 j2 k2 =            2           2           2          -1  kvec =    7.4345374114697664     
 open channel           84  j1 k1 j2 k2 =            2           2           2           0  kvec =    7.4345374114697664     
 open channel           85  j1 k1 j2 k2 =            2           2           2           1  kvec =    7.4345374114697664     
 open channel           86  j1 k1 j2 k2 =            2           2           2           2  kvec =    7.4345374114697664     
 open channel           87  j1 k1 j2 k2 =            2           2           4          -2  kvec =    6.4038693092934906     
 open channel           88  j1 k1 j2 k2 =            2           2           4          -1  kvec =    6.4038693092934906     
 open channel           89  j1 k1 j2 k2 =            2           2           4           0  kvec =    6.4038693092934906     
 open channel           90  j1 k1 j2 k2 =            2           2           4           1  kvec =    6.4038693092934906     
 open channel           91  j1 k1 j2 k2 =            2           2           4           2  kvec =    6.4038693092934906     
 open channel           92  j1 k1 j2 k2 =            2           2           6          -2  kvec =    4.3123733372905360     
 open channel           93  j1 k1 j2 k2 =            2           2           6          -1  kvec =    4.3123733372905360     
 open channel           94  j1 k1 j2 k2 =            2           2           6           0  kvec =    4.3123733372905360     
 open channel           95  j1 k1 j2 k2 =            2           2           6           1  kvec =    4.3123733372905360     
 open channel           96  j1 k1 j2 k2 =            2           2           6           2  kvec =    4.3123733372905360     
 open channel           97  j1 k1 j2 k2 =            4          -2           0           0  kvec =    6.8645591689663004     
 open channel           98  j1 k1 j2 k2 =            4          -2           2          -2  kvec =    6.4038693092934906     
 open channel           99  j1 k1 j2 k2 =            4          -2           2          -1  kvec =    6.4038693092934906     
 open channel          100  j1 k1 j2 k2 =            4          -2           2           0  kvec =    6.4038693092934906     
 open channel          101  j1 k1 j2 k2 =            4          -2           2           1  kvec =    6.4038693092934906     
 open channel          102  j1 k1 j2 k2 =            4          -2           2           2  kvec =    6.4038693092934906     
 open channel          103  j1 k1 j2 k2 =            4          -2           4          -2  kvec =    5.1717248320534797     
 open channel          104  j1 k1 j2 k2 =            4          -2           4          -1  kvec =    5.1717248320534797     
 open channel          105  j1 k1 j2 k2 =            4          -2           4           0  kvec =    5.1717248320534797     
 open channel          106  j1 k1 j2 k2 =            4          -2           4           1  kvec =    5.1717248320534797     
 open channel          107  j1 k1 j2 k2 =            4          -2           4           2  kvec =    5.1717248320534797     
 open channel          108  j1 k1 j2 k2 =            4          -2           6          -2  kvec =    2.0817683368093158     
 open channel          109  j1 k1 j2 k2 =            4          -2           6          -1  kvec =    2.0817683368093158     
 open channel          110  j1 k1 j2 k2 =            4          -2           6           0  kvec =    2.0817683368093158     
 open channel          111  j1 k1 j2 k2 =            4          -2           6           1  kvec =    2.0817683368093158     
 open channel          112  j1 k1 j2 k2 =            4          -2           6           2  kvec =    2.0817683368093158     
 open channel          113  j1 k1 j2 k2 =            4          -1           0           0  kvec =    6.8645591689663004     
 open channel          114  j1 k1 j2 k2 =            4          -1           2          -2  kvec =    6.4038693092934906     
 open channel          115  j1 k1 j2 k2 =            4          -1           2          -1  kvec =    6.4038693092934906     
 open channel          116  j1 k1 j2 k2 =            4          -1           2           0  kvec =    6.4038693092934906     
 open channel          117  j1 k1 j2 k2 =            4          -1           2           1  kvec =    6.4038693092934906     
 open channel          118  j1 k1 j2 k2 =            4          -1           2           2  kvec =    6.4038693092934906     
 open channel          119  j1 k1 j2 k2 =            4          -1           4          -2  kvec =    5.1717248320534797     
 open channel          120  j1 k1 j2 k2 =            4          -1           4          -1  kvec =    5.1717248320534797     
 open channel          121  j1 k1 j2 k2 =            4          -1           4           0  kvec =    5.1717248320534797     
 open channel          122  j1 k1 j2 k2 =            4          -1           4           1  kvec =    5.1717248320534797     
 open channel          123  j1 k1 j2 k2 =            4          -1           4           2  kvec =    5.1717248320534797     
 open channel          124  j1 k1 j2 k2 =            4          -1           6          -2  kvec =    2.0817683368093158     
 open channel          125  j1 k1 j2 k2 =            4          -1           6          -1  kvec =    2.0817683368093158     
 open channel          126  j1 k1 j2 k2 =            4          -1           6           0  kvec =    2.0817683368093158     
 open channel          127  j1 k1 j2 k2 =            4          -1           6           1  kvec =    2.0817683368093158     
 open channel          128  j1 k1 j2 k2 =            4          -1           6           2  kvec =    2.0817683368093158     
 open channel          129  j1 k1 j2 k2 =            4           0           0           0  kvec =    6.8645591689663004     
 open channel          130  j1 k1 j2 k2 =            4           0           2          -2  kvec =    6.4038693092934906     
 open channel          131  j1 k1 j2 k2 =            4           0           2          -1  kvec =    6.4038693092934906     
 open channel          132  j1 k1 j2 k2 =            4           0           2           0  kvec =    6.4038693092934906     
 open channel          133  j1 k1 j2 k2 =            4           0           2           1  kvec =    6.4038693092934906     
 open channel          134  j1 k1 j2 k2 =            4           0           2           2  kvec =    6.4038693092934906     
 open channel          135  j1 k1 j2 k2 =            4           0           4          -2  kvec =    5.1717248320534797     
 open channel          136  j1 k1 j2 k2 =            4           0           4          -1  kvec =    5.1717248320534797     
 open channel          137  j1 k1 j2 k2 =            4           0           4           0  kvec =    5.1717248320534797     
 open channel          138  j1 k1 j2 k2 =            4           0           4           1  kvec =    5.1717248320534797     
 open channel          139  j1 k1 j2 k2 =            4           0           4           2  kvec =    5.1717248320534797     
 open channel          140  j1 k1 j2 k2 =            4           0           6          -2  kvec =    2.0817683368093158     
 open channel          141  j1 k1 j2 k2 =            4           0           6          -1  kvec =    2.0817683368093158     
 open channel          142  j1 k1 j2 k2 =            4           0           6           0  kvec =    2.0817683368093158     
 open channel          143  j1 k1 j2 k2 =            4           0           6           1  kvec =    2.0817683368093158     
 open channel          144  j1 k1 j2 k2 =            4           0           6           2  kvec =    2.0817683368093158     
 open channel          145  j1 k1 j2 k2 =            4           1           0           0  kvec =    6.8645591689663004     
 open channel          146  j1 k1 j2 k2 =            4           1           2          -2  kvec =    6.4038693092934906     
 open channel          147  j1 k1 j2 k2 =            4           1           2          -1  kvec =    6.4038693092934906     
 open channel          148  j1 k1 j2 k2 =            4           1           2           0  kvec =    6.4038693092934906     
 open channel          149  j1 k1 j2 k2 =            4           1           2           1  kvec =    6.4038693092934906     
 open channel          150  j1 k1 j2 k2 =            4           1           2           2  kvec =    6.4038693092934906     
 open channel          151  j1 k1 j2 k2 =            4           1           4          -2  kvec =    5.1717248320534797     
 open channel          152  j1 k1 j2 k2 =            4           1           4          -1  kvec =    5.1717248320534797     
 open channel          153  j1 k1 j2 k2 =            4           1           4           0  kvec =    5.1717248320534797     
 open channel          154  j1 k1 j2 k2 =            4           1           4           1  kvec =    5.1717248320534797     
 open channel          155  j1 k1 j2 k2 =            4           1           4           2  kvec =    5.1717248320534797     
 open channel          156  j1 k1 j2 k2 =            4           1           6          -2  kvec =    2.0817683368093158     
 open channel          157  j1 k1 j2 k2 =            4           1           6          -1  kvec =    2.0817683368093158     
 open channel          158  j1 k1 j2 k2 =            4           1           6           0  kvec =    2.0817683368093158     
 open channel          159  j1 k1 j2 k2 =            4           1           6           1  kvec =    2.0817683368093158     
 open channel          160  j1 k1 j2 k2 =            4           1           6           2  kvec =    2.0817683368093158     
 open channel          161  j1 k1 j2 k2 =            4           2           0           0  kvec =    6.8645591689663004     
 open channel          162  j1 k1 j2 k2 =            4           2           2          -2  kvec =    6.4038693092934906     
 open channel          163  j1 k1 j2 k2 =            4           2           2          -1  kvec =    6.4038693092934906     
 open channel          164  j1 k1 j2 k2 =            4           2           2           0  kvec =    6.4038693092934906     
 open channel          165  j1 k1 j2 k2 =            4           2           2           1  kvec =    6.4038693092934906     
 open channel          166  j1 k1 j2 k2 =            4           2           2           2  kvec =    6.4038693092934906     
 open channel          167  j1 k1 j2 k2 =            4           2           4          -2  kvec =    5.1717248320534797     
 open channel          168  j1 k1 j2 k2 =            4           2           4          -1  kvec =    5.1717248320534797     
 open channel          169  j1 k1 j2 k2 =            4           2           4           0  kvec =    5.1717248320534797     
 open channel          170  j1 k1 j2 k2 =            4           2           4           1  kvec =    5.1717248320534797     
 open channel          171  j1 k1 j2 k2 =            4           2           4           2  kvec =    5.1717248320534797     
 open channel          172  j1 k1 j2 k2 =            4           2           6          -2  kvec =    2.0817683368093158     
 open channel          173  j1 k1 j2 k2 =            4           2           6          -1  kvec =    2.0817683368093158     
 open channel          174  j1 k1 j2 k2 =            4           2           6           0  kvec =    2.0817683368093158     
 open channel          175  j1 k1 j2 k2 =            4           2           6           1  kvec =    2.0817683368093158     
 open channel          176  j1 k1 j2 k2 =            4           2           6           2  kvec =    2.0817683368093158     
 open channel          177  j1 k1 j2 k2 =            6          -2           0           0  kvec =    4.9708343619459416     
 open channel          178  j1 k1 j2 k2 =            6          -2           2          -2  kvec =    4.3123733372905360     
 open channel          179  j1 k1 j2 k2 =            6          -2           2          -1  kvec =    4.3123733372905360     
 open channel          180  j1 k1 j2 k2 =            6          -2           2           0  kvec =    4.3123733372905360     
 open channel          181  j1 k1 j2 k2 =            6          -2           2           1  kvec =    4.3123733372905360     
 open channel          182  j1 k1 j2 k2 =            6          -2           2           2  kvec =    4.3123733372905360     
 open channel          183  j1 k1 j2 k2 =            6          -2           4          -2  kvec =    2.0817683368093158     
 open channel          184  j1 k1 j2 k2 =            6          -2           4          -1  kvec =    2.0817683368093158     
 open channel          185  j1 k1 j2 k2 =            6          -2           4           0  kvec =    2.0817683368093158     
 open channel          186  j1 k1 j2 k2 =            6          -2           4           1  kvec =    2.0817683368093158     
 open channel          187  j1 k1 j2 k2 =            6          -2           4           2  kvec =    2.0817683368093158     
 open channel          188  j1 k1 j2 k2 =            6          -1           0           0  kvec =    4.9708343619459416     
 open channel          189  j1 k1 j2 k2 =            6          -1           2          -2  kvec =    4.3123733372905360     
 open channel          190  j1 k1 j2 k2 =            6          -1           2          -1  kvec =    4.3123733372905360     
 open channel          191  j1 k1 j2 k2 =            6          -1           2           0  kvec =    4.3123733372905360     
 open channel          192  j1 k1 j2 k2 =            6          -1           2           1  kvec =    4.3123733372905360     
 open channel          193  j1 k1 j2 k2 =            6          -1           2           2  kvec =    4.3123733372905360     
 open channel          194  j1 k1 j2 k2 =            6          -1           4          -2  kvec =    2.0817683368093158     
 open channel          195  j1 k1 j2 k2 =            6          -1           4          -1  kvec =    2.0817683368093158     
 open channel          196  j1 k1 j2 k2 =            6          -1           4           0  kvec =    2.0817683368093158     
 open channel          197  j1 k1 j2 k2 =            6          -1           4           1  kvec =    2.0817683368093158     
 open channel          198  j1 k1 j2 k2 =            6          -1           4           2  kvec =    2.0817683368093158     
 open channel          199  j1 k1 j2 k2 =            6           0           0           0  kvec =    4.9708343619459416     
 open channel          200  j1 k1 j2 k2 =            6           0           2          -2  kvec =    4.3123733372905360     
 open channel          201  j1 k1 j2 k2 =            6           0           2          -1  kvec =    4.3123733372905360     
 open channel          202  j1 k1 j2 k2 =            6           0           2           0  kvec =    4.3123733372905360     
 open channel          203  j1 k1 j2 k2 =            6           0           2           1  kvec =    4.3123733372905360     
 open channel          204  j1 k1 j2 k2 =            6           0           2           2  kvec =    4.3123733372905360     
 open channel          205  j1 k1 j2 k2 =            6           0           4          -2  kvec =    2.0817683368093158     
 open channel          206  j1 k1 j2 k2 =            6           0           4          -1  kvec =    2.0817683368093158     
 open channel          207  j1 k1 j2 k2 =            6           0           4           0  kvec =    2.0817683368093158     
 open channel          208  j1 k1 j2 k2 =            6           0           4           1  kvec =    2.0817683368093158     
 open channel          209  j1 k1 j2 k2 =            6           0           4           2  kvec =    2.0817683368093158     
 open channel          210  j1 k1 j2 k2 =            6           1           0           0  kvec =    4.9708343619459416     
 open channel          211  j1 k1 j2 k2 =            6           1           2          -2  kvec =    4.3123733372905360     
 open channel          212  j1 k1 j2 k2 =            6           1           2          -1  kvec =    4.3123733372905360     
 open channel          213  j1 k1 j2 k2 =            6           1           2           0  kvec =    4.3123733372905360     
 open channel          214  j1 k1 j2 k2 =            6           1           2           1  kvec =    4.3123733372905360     
 open channel          215  j1 k1 j2 k2 =            6           1           2           2  kvec =    4.3123733372905360     
 open channel          216  j1 k1 j2 k2 =            6           1           4          -2  kvec =    2.0817683368093158     
 open channel          217  j1 k1 j2 k2 =            6           1           4          -1  kvec =    2.0817683368093158     
 open channel          218  j1 k1 j2 k2 =            6           1           4           0  kvec =    2.0817683368093158     
 open channel          219  j1 k1 j2 k2 =            6           1           4           1  kvec =    2.0817683368093158     
 open channel          220  j1 k1 j2 k2 =            6           1           4           2  kvec =    2.0817683368093158     
 open channel          221  j1 k1 j2 k2 =            6           2           0           0  kvec =    4.9708343619459416     
 open channel          222  j1 k1 j2 k2 =            6           2           2          -2  kvec =    4.3123733372905360     
 open channel          223  j1 k1 j2 k2 =            6           2           2          -1  kvec =    4.3123733372905360     
 open channel          224  j1 k1 j2 k2 =            6           2           2           0  kvec =    4.3123733372905360     
 open channel          225  j1 k1 j2 k2 =            6           2           2           1  kvec =    4.3123733372905360     
 open channel          226  j1 k1 j2 k2 =            6           2           2           2  kvec =    4.3123733372905360     
 open channel          227  j1 k1 j2 k2 =            6           2           4          -2  kvec =    2.0817683368093158     
 open channel          228  j1 k1 j2 k2 =            6           2           4          -1  kvec =    2.0817683368093158     
 open channel          229  j1 k1 j2 k2 =            6           2           4           0  kvec =    2.0817683368093158     
 open channel          230  j1 k1 j2 k2 =            6           2           4           1  kvec =    2.0817683368093158     
 open channel          231  j1 k1 j2 k2 =            6           2           4           2  kvec =    2.0817683368093158     
 ===============================
  
  
 Probabilities of first           7 channel
    0.68843066E+00    0.00000000E+00    0.00000000E+00    0.11717942E+00    0.00000000E+00    0.00000000E+00    0.00000000E+00
    0.00000000E+00    0.86721889E+00    0.00000000E+00    0.00000000E+00    0.00000000E+00    0.00000000E+00    0.22645714E-01
    0.00000000E+00    0.00000000E+00    0.72688036E+00    0.00000000E+00    0.00000000E+00    0.00000000E+00    0.00000000E+00
    0.11717942E+00    0.00000000E+00    0.00000000E+00    0.53904457E+00    0.00000000E+00    0.00000000E+00    0.00000000E+00
    0.00000000E+00    0.00000000E+00    0.00000000E+00    0.00000000E+00    0.72688036E+00    0.00000000E+00    0.00000000E+00
    0.00000000E+00    0.00000000E+00    0.00000000E+00    0.00000000E+00    0.00000000E+00    0.86721889E+00    0.00000000E+00
    0.00000000E+00    0.22645714E-01    0.00000000E+00    0.00000000E+00    0.00000000E+00    0.00000000E+00    0.79347027E+00
  
 Checking probabilities sum to one:   0.99869632149054954       0.99866014568658290       0.99866226540833636       0.99866408179885335       0.99866226540834879       0.99866014568655470       0.99865934818028290       0.99865942603208158       0.99865948069062338       0.99865942603208557       0.99865934818028390       0.99865927468803872       0.99865927506309005       0.99865927529744214       0.99865927506308938       0.99865927468803461       0.99866014568657713       0.99865992949643723       0.99865944462222955       0.99865956348211660       0.99865936019951174       0.99865960039507962       0.99865928950561467       0.99865930676136871       0.99865931833166655       0.99865931544706865       0.99865930513047918       0.99865927413736977       0.99865927416664391       0.99865927418445999       0.99865927417564526       0.99865927415846756       0.99866226540833347       0.99865944462222667       0.99865932258350698       0.99865996764953591       0.99865937942794303       0.99865936019951185       0.99865930865211405       0.99865933412788188       0.99865935132281869       0.99865933844016408       0.99865931682118425       0.99865927414199407       0.99865927418275113       0.99865927420844647       0.99865927418459421       0.99865927414594258       0.99866408179886212       0.99865956348211493       0.99865996764953491       0.99866125210826662       0.99865996764954568       0.99865956348211404       0.99865933399318974       0.99865938013558364       0.99865942482705916       0.99865938013559263       0.99865933399319051       0.99865927418265510       0.99865927427156598       0.99865927434295698       0.99865927427155754       0.99865927418265099       0.99866226540836600       0.99865936019951074       0.99865937942795779       0.99865996764953502       0.99865932258350787       0.99865944462222689       0.99865931682118703       0.99865933844016663       0.99865935132281780       0.99865933412787444       0.99865930865210839       0.99865927414595090       0.99865927418457046       0.99865927420846923       0.99865927418275469       0.99865927414199496       0.99866014568659545       0.99865960039507351       0.99865936019951196       0.99865956348211538       0.99865944462222966       0.99865992949644478       0.99865930513047141       0.99865931544707465       0.99865931833166766       0.99865930676137515       0.99865928950561467       0.99865927415847566       0.99865927417564393       0.99865927418445877       0.99865927416664368       0.99865927413737099       0.99865934818028435       0.99865928950560912       0.99865930865211472       0.99865933399319395       0.99865931682118070       0.99865930513047640       0.99865927452602488       0.99865927488511597       0.99865927522991971       0.99865927496683538       0.99865927469887816       0.99865927408564015       0.99865927408566268       0.99865927408570121       0.99865927408567756       0.99865927408564503       0.99865942603208346       0.99865930676137038       0.99865933412787766       0.99865938013558830       0.99865933844016863       0.99865931544707387       0.99865927488511586       0.99865927574305446       0.99865927668731103       0.99865927583739500       0.99865927496683082       0.99865927408565458       0.99865927408578836       0.99865927408591115       0.99865927408581057       0.99865927408567623       0.99865948069061861       0.99865931833166699       0.99865935132281991       0.99865942482706205       0.99865935132281491       0.99865931833166788       0.99865927522991971       0.99865927668732812       0.99865927861001513       0.99865927668730547       0.99865927522991771       0.99865927408573252       0.99865927408602173       0.99865927408633992       0.99865927408602251       0.99865927408573407       0.99865942603208724       0.99865931544707753       0.99865933844017563       0.99865938013558808       0.99865933412787700       0.99865930676137415       0.99865927496683227       0.99865927583739278       0.99865927668732057       0.99865927574305058       0.99865927488511663       0.99865927408567257       0.99865927408580946       0.99865927408591038       0.99865927408578881       0.99865927408565114       0.99865934818028723       0.99865930513047718       0.99865931682118159       0.99865933399318907       0.99865930865210795       0.99865928950562610       0.99865927469887650       0.99865927496682971       0.99865927522991804       0.99865927488511630       0.99865927452602399       0.99865927408564703       0.99865927408567623       0.99865927408569999       0.99865927408566346       0.99865927408561084       0.99865927468803672       0.99865927413737043       0.99865927414199562       0.99865927418265765       0.99865927414595235       0.99865927415847278       0.99865927408558053       0.99865927408565036       0.99865927408573696       0.99865927408567390       0.99865927408565103       0.99865927506307950       0.99865927416664357       0.99865927418276024       0.99865927427153389       0.99865927418456257       0.99865927417564160       0.99865927408566202       0.99865927408578981       0.99865927408602129       0.99865927408581101       0.99865927408567678       0.99865927529744170       0.99865927418445599       0.99865927420846590       0.99865927434298507       0.99865927420845102       0.99865927418445966       0.99865927408570154       0.99865927408590860       0.99865927408634281       0.99865927408591026       0.99865927408570032       0.99865927506308461       0.99865927417564171       0.99865927418458078       0.99865927427153933       0.99865927418276101       0.99865927416664402       0.99865927408567545       0.99865927408581079       0.99865927408602218       0.99865927408578936       0.99865927408566335       0.99865927468803495       0.99865927415847389       0.99865927414595224       0.99865927418265799       0.99865927414199596       0.99865927413737055       0.99865927408564914       0.99865927408567190       0.99865927408573452       0.99865927408565214       0.99865927408561317     
  
    0.68843066E+00    0.00000000E+00    0.00000000E+00    0.11717942E+00    0.00000000E+00    0.00000000E+00    0.00000000E+00
    0.00000000E+00    0.86721889E+00    0.00000000E+00    0.00000000E+00    0.00000000E+00    0.00000000E+00    0.22645714E-01
    0.00000000E+00    0.00000000E+00    0.72688036E+00    0.00000000E+00    0.00000000E+00    0.00000000E+00    0.00000000E+00
    0.11717942E+00    0.00000000E+00    0.00000000E+00    0.53904457E+00    0.00000000E+00    0.00000000E+00    0.00000000E+00
    0.00000000E+00    0.00000000E+00    0.00000000E+00    0.00000000E+00    0.72688036E+00    0.00000000E+00    0.00000000E+00
    0.00000000E+00    0.00000000E+00    0.00000000E+00    0.00000000E+00    0.00000000E+00    0.86721889E+00    0.00000000E+00
    0.00000000E+00    0.22645714E-01    0.00000000E+00    0.00000000E+00    0.00000000E+00    0.00000000E+00    0.79347027E+00
 PROBABILITIES at SOME ENERGY -            0
  0.4998734E+00  0.6884307E+00  0.0000000E+00  0.0000000E+00  0.1171794E+00  0.0000000E+00  0.0000000E+00  0.0000000E+00  0.0000000E+00  0.2814582E-02
  0.0000000E+00  0.0000000E+00  0.0000000E+00  0.0000000E+00  0.5293969E-05  0.0000000E+00  0.0000000E+00  0.0000000E+00  0.0000000E+00  0.0000000E+00
  0.0000000E+00  0.0000000E+00  0.6844816E-02  0.0000000E+00  0.0000000E+00  0.0000000E+00  0.0000000E+00  0.1291859E-03  0.0000000E+00  0.0000000E+00
  0.0000000E+00  0.0000000E+00  0.2144390E-06  0.0000000E+00  0.0000000E+00  0.0000000E+00  0.0000000E+00  0.2043747E-02  0.0000000E+00  0.0000000E+00
  0.0000000E+00  0.0000000E+00  0.7598832E-04  0.0000000E+00  0.0000000E+00  0.0000000E+00  0.0000000E+00  0.6025541E-07  0.0000000E+00  0.1171794E+00
  0.0000000E+00  0.0000000E+00  0.4882560E-01  0.0000000E+00  0.0000000E+00  0.0000000E+00  0.0000000E+00  0.1393968E-02  0.0000000E+00  0.0000000E+00
  0.0000000E+00  0.0000000E+00  0.1262169E-05  0.0000000E+00  0.0000000E+00  0.0000000E+00  0.0000000E+00  0.2043747E-02  0.0000000E+00  0.0000000E+00
  0.0000000E+00  0.0000000E+00  0.7598832E-04  0.0000000E+00  0.0000000E+00  0.0000000E+00  0.0000000E+00  0.6025541E-07  0.0000000E+00  0.0000000E+00
  0.0000000E+00  0.0000000E+00  0.6844816E-02  0.0000000E+00  0.0000000E+00  0.0000000E+00  0.0000000E+00  0.1291859E-03  0.0000000E+00  0.0000000E+00
  0.0000000E+00  0.0000000E+00  0.2144390E-06  0.0000000E+00  0.0000000E+00  0.0000000E+00  0.0000000E+00  0.0000000E+00  0.0000000E+00  0.0000000E+00
  0.0000000E+00  0.0000000E+00  0.1291859E-03  0.0000000E+00  0.0000000E+00  0.0000000E+00  0.0000000E+00  0.4945169E-05  0.0000000E+00  0.0000000E+00
  0.0000000E+00  0.0000000E+00  0.1031704E-08  0.0000000E+00  0.0000000E+00  0.0000000E+00  0.0000000E+00  0.7598832E-04  0.0000000E+00  0.0000000E+00
  0.0000000E+00  0.0000000E+00  0.4610154E-05  0.0000000E+00  0.0000000E+00  0.0000000E+00  0.0000000E+00  0.1201325E-08  0.0000000E+00  0.2814582E-02
  0.0000000E+00  0.0000000E+00  0.1393968E-02  0.0000000E+00  0.0000000E+00  0.0000000E+00  0.0000000E+00  0.3295398E-04  0.0000000E+00  0.0000000E+00
  0.0000000E+00  0.0000000E+00  0.7023148E-08  0.0000000E+00  0.0000000E+00  0.0000000E+00  0.0000000E+00  0.7598832E-04  0.0000000E+00  0.0000000E+00
  0.0000000E+00  0.0000000E+00  0.4610154E-05  0.0000000E+00  0.0000000E+00  0.0000000E+00  0.0000000E+00  0.1201325E-08  0.0000000E+00  0.0000000E+00
  0.0000000E+00  0.0000000E+00  0.1291859E-03  0.0000000E+00  0.0000000E+00  0.0000000E+00  0.0000000E+00  0.4945169E-05  0.0000000E+00  0.0000000E+00
  0.0000000E+00  0.0000000E+00  0.1031704E-08  0.0000000E+00  0.0000000E+00  0.0000000E+00  0.0000000E+00  0.0000000E+00  0.0000000E+00  0.0000000E+00
  0.0000000E+00  0.0000000E+00  0.2144390E-06  0.0000000E+00  0.0000000E+00  0.0000000E+00  0.0000000E+00  0.1031704E-08  0.0000000E+00  0.0000000E+00
  0.0000000E+00  0.0000000E+00  0.6025541E-07  0.0000000E+00  0.0000000E+00  0.0000000E+00  0.0000000E+00  0.1201325E-08  0.0000000E+00  0.5293969E-05
  0.0000000E+00  0.0000000E+00  0.1262169E-05  0.0000000E+00  0.0000000E+00  0.0000000E+00  0.0000000E+00  0.7023148E-08  0.0000000E+00  0.0000000E+00
  0.0000000E+00  0.0000000E+00  0.6025541E-07  0.0000000E+00  0.0000000E+00  0.0000000E+00  0.0000000E+00  0.1201325E-08  0.0000000E+00  0.0000000E+00
  0.0000000E+00  0.0000000E+00  0.2144390E-06  0.0000000E+00  0.0000000E+00  0.0000000E+00  0.0000000E+00  0.1031704E-08  0.0000000E+00  0.0000000E+00
  0.0000000E+00  0.0000000E+00
execution time:   5.237min
  
